# JRE version: OpenJDK Runtime Environment (7.0_95) (build 1.7.0_95-b00)
# Java VM: OpenJDK 64-Bit Server VM (24.95-b01 mixed mode linux-amd64 compressed oops)
Heap
 def new generation   total 34560K, used 0K [0x00000000b0000000, 0x00000000b2580000, 0x00000000c5550000)
  eden space 30720K,   0% used [0x00000000b0000000, 0x00000000b0000000, 0x00000000b1e00000)
  from space 3840K,   0% used [0x00000000b1e00000, 0x00000000b1e00000, 0x00000000b21c0000)
  to   space 3840K,   0% used [0x00000000b21c0000, 0x00000000b21c0000, 0x00000000b2580000)
 tenured generation   total 76660K, used 62001K [0x00000000c5550000, 0x00000000ca02d000, 0x00000000f0000000)
   the space 76660K,  80% used [0x00000000c5550000, 0x00000000c91dc5f8, 0x00000000c91dc600, 0x00000000ca02d000)
 compacting perm gen  total 50112K, used 50111K [0x00000000f0000000, 0x00000000f30f0000, 0x0000000100000000)
   the space 50112K,  99% used [0x00000000f0000000, 0x00000000f30efff8, 0x00000000f30f0000, 0x00000000f30f0000)
GC Heap History (10 events):
Event: 68.541 GC heap after
Heap after GC invocations=203 (full 8):
 def new generation   total 34560K, used 0K [0x00000000b0000000, 0x00000000b2580000, 0x00000000c5550000)
  eden space 30720K,   0% used [0x00000000b0000000, 0x00000000b0000000, 0x00000000b1e00000)
  from space 3840K,   0% used [0x00000000b1e00000, 0x00000000b1e00000, 0x00000000b21c0000)
  to   space 3840K,   0% used [0x00000000b21c0000, 0x00000000b21c0000, 0x00000000b2580000)
 tenured generation   total 76660K, used 45994K [0x00000000c5550000, 0x00000000ca02d000, 0x00000000f0000000)
   the space 76660K,  59% used [0x00000000c5550000, 0x00000000c823ab78, 0x00000000c823ac00, 0x00000000ca02d000)
 compacting perm gen  total 44672K, used 44652K [0x00000000f0000000, 0x00000000f2ba0000, 0x0000000100000000)
   the space 44672K,  99% used [0x00000000f0000000, 0x00000000f2b9b3a0, 0x00000000f2b9b400, 0x00000000f2ba0000)
No shared spaces configured.
}
Event: 134.304 GC heap before
{Heap before GC invocations=203 (full 8):
 def new generation   total 34560K, used 30720K [0x00000000b0000000, 0x00000000b2580000, 0x00000000c5550000)
  eden space 30720K, 100% used [0x00000000b0000000, 0x00000000b1e00000, 0x00000000b1e00000)
  from space 3840K,   0% used [0x00000000b1e00000, 0x00000000b1e00000, 0x00000000b21c0000)
  to   space 3840K,   0% used [0x00000000b21c0000, 0x00000000b21c0000, 0x00000000b2580000)
 tenured generation   total 76660K, used 45994K [0x00000000c5550000, 0x00000000ca02d000, 0x00000000f0000000)
   the space 76660K,  59% used [0x00000000c5550000, 0x00000000c823ab78, 0x00000000c823ac00, 0x00000000ca02d000)
 compacting perm gen  total 45632K, used 45429K [0x00000000f0000000, 0x00000000f2c90000, 0x0000000100000000)
   the space 45632K,  99% used [0x00000000f0000000, 0x00000000f2c5d700, 0x00000000f2c5d800, 0x00000000f2c90000)
No shared spaces configured.
Event: 134.314 GC heap after
Heap after GC invocations=204 (full 8):
 def new generation   total 34560K, used 2732K [0x00000000b0000000, 0x00000000b2580000, 0x00000000c5550000)
  eden space 30720K,   0% used [0x00000000b0000000, 0x00000000b0000000, 0x00000000b1e00000)
  from space 3840K,  71% used [0x00000000b21c0000, 0x00000000b246b2d0, 0x00000000b2580000)
  to   space 3840K,   0% used [0x00000000b1e00000, 0x00000000b1e00000, 0x00000000b21c0000)
 tenured generation   total 76660K, used 45994K [0x00000000c5550000, 0x00000000ca02d000, 0x00000000f0000000)
   the space 76660K,  59% used [0x00000000c5550000, 0x00000000c823ab78, 0x00000000c823ac00, 0x00000000ca02d000)
 compacting perm gen  total 45632K, used 45429K [0x00000000f0000000, 0x00000000f2c90000, 0x0000000100000000)
   the space 45632K,  99% used [0x00000000f0000000, 0x00000000f2c5d700, 0x00000000f2c5d800, 0x00000000f2c90000)
No shared spaces configured.
}
Event: 134.924 GC heap before
{Heap before GC invocations=204 (full 8):
 def new generation   total 34560K, used 33452K [0x00000000b0000000, 0x00000000b2580000, 0x00000000c5550000)
  eden space 30720K, 100% used [0x00000000b0000000, 0x00000000b1e00000, 0x00000000b1e00000)
  from space 3840K,  71% used [0x00000000b21c0000, 0x00000000b246b2d0, 0x00000000b2580000)
  to   space 3840K,   0% used [0x00000000b1e00000, 0x00000000b1e00000, 0x00000000b21c0000)
 tenured generation   total 76660K, used 45994K [0x00000000c5550000, 0x00000000ca02d000, 0x00000000f0000000)
   the space 76660K,  59% used [0x00000000c5550000, 0x00000000c823ab78, 0x00000000c823ac00, 0x00000000ca02d000)
 compacting perm gen  total 47872K, used 47743K [0x00000000f0000000, 0x00000000f2ec0000, 0x0000000100000000)
   the space 47872K,  99% used [0x00000000f0000000, 0x00000000f2e9ff08, 0x00000000f2ea0000, 0x00000000f2ec0000)
No shared spaces configured.
Event: 134.946 GC heap after
Heap after GC invocations=205 (full 8):
 def new generation   total 34560K, used 3840K [0x00000000b0000000, 0x00000000b2580000, 0x00000000c5550000)
  eden space 30720K,   0% used [0x00000000b0000000, 0x00000000b0000000, 0x00000000b1e00000)
  from space 3840K, 100% used [0x00000000b1e00000, 0x00000000b21c0000, 0x00000000b21c0000)
  to   space 3840K,   0% used [0x00000000b21c0000, 0x00000000b21c0000, 0x00000000b2580000)
 tenured generation   total 76660K, used 49876K [0x00000000c5550000, 0x00000000ca02d000, 0x00000000f0000000)
   the space 76660K,  65% used [0x00000000c5550000, 0x00000000c86053b8, 0x00000000c8605400, 0x00000000ca02d000)
 compacting perm gen  total 47872K, used 47743K [0x00000000f0000000, 0x00000000f2ec0000, 0x0000000100000000)
   the space 47872K,  99% used [0x00000000f0000000, 0x00000000f2e9ff08, 0x00000000f2ea0000, 0x00000000f2ec0000)
No shared spaces configured.
}
Event: 135.751 GC heap before
{Heap before GC invocations=205 (full 8):
 def new generation   total 34560K, used 34560K [0x00000000b0000000, 0x00000000b2580000, 0x00000000c5550000)
  eden space 30720K, 100% used [0x00000000b0000000, 0x00000000b1e00000, 0x00000000b1e00000)
  from space 3840K, 100% used [0x00000000b1e00000, 0x00000000b21c0000, 0x00000000b21c0000)
  to   space 3840K,   0% used [0x00000000b21c0000, 0x00000000b21c0000, 0x00000000b2580000)
 tenured generation   total 76660K, used 49876K [0x00000000c5550000, 0x00000000ca02d000, 0x00000000f0000000)
   the space 76660K,  65% used [0x00000000c5550000, 0x00000000c86053b8, 0x00000000c8605400, 0x00000000ca02d000)
 compacting perm gen  total 48832K, used 48784K [0x00000000f0000000, 0x00000000f2fb0000, 0x0000000100000000)
   the space 48832K,  99% used [0x00000000f0000000, 0x00000000f2fa40d8, 0x00000000f2fa4200, 0x00000000f2fb0000)
No shared spaces configured.
Event: 135.804 GC heap after
Heap after GC invocations=206 (full 8):
 def new generation   total 34560K, used 3807K [0x00000000b0000000, 0x00000000b2580000, 0x00000000c5550000)
  eden space 30720K,   0% used [0x00000000b0000000, 0x00000000b0000000, 0x00000000b1e00000)
  from space 3840K,  99% used [0x00000000b21c0000, 0x00000000b2577ca8, 0x00000000b2580000)
  to   space 3840K,   0% used [0x00000000b1e00000, 0x00000000b1e00000, 0x00000000b21c0000)
 tenured generation   total 76660K, used 53714K [0x00000000c5550000, 0x00000000ca02d000, 0x00000000f0000000)
   the space 76660K,  70% used [0x00000000c5550000, 0x00000000c89c4968, 0x00000000c89c4a00, 0x00000000ca02d000)
 compacting perm gen  total 48832K, used 48784K [0x00000000f0000000, 0x00000000f2fb0000, 0x0000000100000000)
   the space 48832K,  99% used [0x00000000f0000000, 0x00000000f2fa40d8, 0x00000000f2fa4200, 0x00000000f2fb0000)
No shared spaces configured.
}
Event: 136.620 GC heap before
{Heap before GC invocations=206 (full 8):
 def new generation   total 34560K, used 34527K [0x00000000b0000000, 0x00000000b2580000, 0x00000000c5550000)
  eden space 30720K, 100% used [0x00000000b0000000, 0x00000000b1e00000, 0x00000000b1e00000)
  from space 3840K,  99% used [0x00000000b21c0000, 0x00000000b2577ca8, 0x00000000b2580000)
  to   space 3840K,   0% used [0x00000000b1e00000, 0x00000000b1e00000, 0x00000000b21c0000)
 tenured generation   total 76660K, used 53714K [0x00000000c5550000, 0x00000000ca02d000, 0x00000000f0000000)
   the space 76660K,  70% used [0x00000000c5550000, 0x00000000c89c4968, 0x00000000c89c4a00, 0x00000000ca02d000)
 compacting perm gen  total 49792K, used 49573K [0x00000000f0000000, 0x00000000f30a0000, 0x0000000100000000)
   the space 49792K,  99% used [0x00000000f0000000, 0x00000000f30695f0, 0x00000000f3069600, 0x00000000f30a0000)
No shared spaces configured.
Event: 136.665 GC heap after
Heap after GC invocations=207 (full 8):
 def new generation   total 34560K, used 3840K [0x00000000b0000000, 0x00000000b2580000, 0x00000000c5550000)
  eden space 30720K,   0% used [0x00000000b0000000, 0x00000000b0000000, 0x00000000b1e00000)
  from space 3840K, 100% used [0x00000000b1e00000, 0x00000000b21c0000, 0x00000000b21c0000)
  to   space 3840K,   0% used [0x00000000b21c0000, 0x00000000b21c0000, 0x00000000b2580000)
 tenured generation   total 76660K, used 57163K [0x00000000c5550000, 0x00000000ca02d000, 0x00000000f0000000)
   the space 76660K,  74% used [0x00000000c5550000, 0x00000000c8d22db8, 0x00000000c8d22e00, 0x00000000ca02d000)
 compacting perm gen  total 49792K, used 49573K [0x00000000f0000000, 0x00000000f30a0000, 0x0000000100000000)
   the space 49792K,  99% used [0x00000000f0000000, 0x00000000f30695f0, 0x00000000f3069600, 0x00000000f30a0000)
No shared spaces configured.
}
Event: 136.996 GC heap before
{Heap before GC invocations=207 (full 8):
 def new generation   total 34560K, used 21328K [0x00000000b0000000, 0x00000000b2580000, 0x00000000c5550000)
  eden space 30720K,  56% used [0x00000000b0000000, 0x00000000b1114380, 0x00000000b1e00000)
  from space 3840K, 100% used [0x00000000b1e00000, 0x00000000b21c0000, 0x00000000b21c0000)
  to   space 3840K,   0% used [0x00000000b21c0000, 0x00000000b21c0000, 0x00000000b2580000)
 tenured generation   total 76660K, used 57163K [0x00000000c5550000, 0x00000000ca02d000, 0x00000000f0000000)
   the space 76660K,  74% used [0x00000000c5550000, 0x00000000c8d22db8, 0x00000000c8d22e00, 0x00000000ca02d000)
 compacting perm gen  total 50112K, used 50111K [0x00000000f0000000, 0x00000000f30f0000, 0x0000000100000000)
   the space 50112K,  99% used [0x00000000f0000000, 0x00000000f30efff8, 0x00000000f30f0000, 0x00000000f30f0000)
No shared spaces configured.

